C:\Users\alexc\AppData\Local\Programs\Python\Python311\python.exe D:\Cojo\agcojocaru-Adapting-unconstrained-spiking-neural-networks-to\experiments\mnist\train_spike_count.py 
2024-05-19 16:38:38.536095: I tensorflow/core/util/port.cc:113] oneDNN custom operations are on. You may see slightly different numerical results due to floating-point round-off errors from different computation orders. To turn them off, set the environment variable `TF_ENABLE_ONEDNN_OPTS=0`.
2024-05-19 16:38:39.575395: I tensorflow/core/util/port.cc:113] oneDNN custom operations are on. You may see slightly different numerical results due to floating-point round-off errors from different computation orders. To turn them off, set the environment variable `TF_ENABLE_ONEDNN_OPTS=0`.
This network will be trained using DT = 0.015
Numpy seed: 397793767, Cupy seed: 943569308
Loading datasets...
Creating network...
Training...
Train | Epoch 0.1 | Loss: 72.07, Accuracy (%): 43.68, Silent labels (%): 10.57, Time (s): 15.7
Train | Epoch 0.2 | Loss: 62.49, Accuracy (%): 41.05, Silent labels (%): 0.02, Time (s): 31.94
Train | Epoch 0.3 | Loss: 64.6, Accuracy (%): 34.47, Silent labels (%): 0.02, Time (s): 47.08
Train | Epoch 0.4 | Loss: 66.84, Accuracy (%): 29.37, Silent labels (%): 0.02, Time (s): 60.76
Train | Epoch 0.5 | Loss: 68.24, Accuracy (%): 26.55, Silent labels (%): 0.0, Time (s): 73.43
Train | Epoch 0.6 | Loss: 69.48, Accuracy (%): 24.62, Silent labels (%): 0.02, Time (s): 85.2
Train | Epoch 0.7 | Loss: 70.51, Accuracy (%): 22.02, Silent labels (%): 0.0, Time (s): 96.05
Train | Epoch 0.8 | Loss: 70.71, Accuracy (%): 21.33, Silent labels (%): 0.0, Time (s): 106.63
Train | Epoch 0.9 | Loss: 72.26, Accuracy (%): 18.83, Silent labels (%): 0.0, Time (s): 116.55
Train | Epoch 1.0 | Loss: 72.4, Accuracy (%): 19.2, Silent labels (%): 0.0, Time (s): 126.28
Test | Epoch 1.0 | Loss: 73.73, Accuracy (%): 17.03, Learning rate: 0.003, Hidden layer 1 spike counts: 664.18, Output layer spike counts: 31.33, Hidden layer 1 silents (%): 0.62, Output layer silents (%): 0.0, Hidden layer 1 weights norm: 474.6, Output layer weights norm: 60.18, Time (s): 2.36
Best accuracy: 17.03%, Networks save to: best_model
Train | Epoch 1.1 | Loss: 73.15, Accuracy (%): 17.7, Silent labels (%): 0.0, Time (s): 9.08
Train | Epoch 1.2 | Loss: 73.82, Accuracy (%): 17.3, Silent labels (%): 0.0, Time (s): 17.94
Train | Epoch 1.3 | Loss: 74.65, Accuracy (%): 15.75, Silent labels (%): 0.0, Time (s): 26.7
Train | Epoch 1.4 | Loss: 74.68, Accuracy (%): 16.27, Silent labels (%): 0.0, Time (s): 35.31
Train | Epoch 1.5 | Loss: 75.71, Accuracy (%): 15.02, Silent labels (%): 0.0, Time (s): 43.71
Train | Epoch 1.6 | Loss: 76.14, Accuracy (%): 14.03, Silent labels (%): 0.0, Time (s): 51.91
Train | Epoch 1.7 | Loss: 76.34, Accuracy (%): 15.0, Silent labels (%): 0.0, Time (s): 59.95
Train | Epoch 1.8 | Loss: 76.1, Accuracy (%): 15.6, Silent labels (%): 0.0, Time (s): 67.98
Train | Epoch 1.9 | Loss: 77.1, Accuracy (%): 14.68, Silent labels (%): 0.0, Time (s): 75.56
Train | Epoch 2.0 | Loss: 77.74, Accuracy (%): 14.73, Silent labels (%): 0.0, Time (s): 82.95
Test | Epoch 2.0 | Loss: 77.96, Accuracy (%): 13.2, Learning rate: 0.003, Hidden layer 1 spike counts: 515.66, Output layer spike counts: 30.57, Hidden layer 1 silents (%): 1.75, Output layer silents (%): 0.0, Hidden layer 1 weights norm: 490.55, Output layer weights norm: 66.17, Time (s): 2.13
Train | Epoch 2.1 | Loss: 78.0, Accuracy (%): 12.97, Silent labels (%): 0.0, Time (s): 7.14
Train | Epoch 2.2 | Loss: 78.22, Accuracy (%): 13.5, Silent labels (%): 0.0, Time (s): 14.41
Train | Epoch 2.3 | Loss: 78.66, Accuracy (%): 12.73, Silent labels (%): 0.0, Time (s): 21.51
Train | Epoch 2.4 | Loss: 79.19, Accuracy (%): 12.73, Silent labels (%): 0.0, Time (s): 28.61
Train | Epoch 2.5 | Loss: 79.36, Accuracy (%): 12.77, Silent labels (%): 0.0, Time (s): 35.63
Train | Epoch 2.6 | Loss: 79.78, Accuracy (%): 13.28, Silent labels (%): 0.0, Time (s): 42.61
Train | Epoch 2.7 | Loss: 79.73, Accuracy (%): 13.1, Silent labels (%): 0.0, Time (s): 49.5
Train | Epoch 2.8 | Loss: 80.24, Accuracy (%): 12.7, Silent labels (%): 0.0, Time (s): 56.41
Train | Epoch 2.9 | Loss: 80.31, Accuracy (%): 13.02, Silent labels (%): 0.0, Time (s): 63.18
Train | Epoch 3.0 | Loss: 80.57, Accuracy (%): 13.17, Silent labels (%): 0.0, Time (s): 69.9
Test | Epoch 3.0 | Loss: 81.2, Accuracy (%): 12.03, Learning rate: 0.003, Hidden layer 1 spike counts: 451.19, Output layer spike counts: 30.24, Hidden layer 1 silents (%): 1.88, Output layer silents (%): 0.0, Hidden layer 1 weights norm: 506.9, Output layer weights norm: 72.36, Time (s): 2.13
Train | Epoch 3.1 | Loss: 80.6, Accuracy (%): 13.0, Silent labels (%): 0.0, Time (s): 6.5
Train | Epoch 3.2 | Loss: 81.34, Accuracy (%): 11.67, Silent labels (%): 0.0, Time (s): 13.12
Train | Epoch 3.3 | Loss: 81.17, Accuracy (%): 12.65, Silent labels (%): 0.0, Time (s): 19.64
Train | Epoch 3.4 | Loss: 81.42, Accuracy (%): 12.43, Silent labels (%): 0.0, Time (s): 26.09
Train | Epoch 3.5 | Loss: 81.82, Accuracy (%): 12.0, Silent labels (%): 0.0, Time (s): 32.53
Train | Epoch 3.6 | Loss: 81.87, Accuracy (%): 11.82, Silent labels (%): 0.0, Time (s): 38.84
Train | Epoch 3.7 | Loss: 82.09, Accuracy (%): 11.18, Silent labels (%): 0.0, Time (s): 45.23
Train | Epoch 3.8 | Loss: 81.64, Accuracy (%): 12.13, Silent labels (%): 0.0, Time (s): 51.54
Train | Epoch 3.9 | Loss: 81.78, Accuracy (%): 11.2, Silent labels (%): 0.0, Time (s): 57.79
Train | Epoch 4.0 | Loss: 81.66, Accuracy (%): 11.55, Silent labels (%): 0.0, Time (s): 64.05
Test | Epoch 4.0 | Loss: 82.24, Accuracy (%): 10.68, Learning rate: 0.003, Hidden layer 1 spike counts: 394.5, Output layer spike counts: 29.91, Hidden layer 1 silents (%): 1.75, Output layer silents (%): 0.0, Hidden layer 1 weights norm: 524.1, Output layer weights norm: 79.14, Time (s): 2.35
Train | Epoch 4.1 | Loss: 82.24, Accuracy (%): 11.27, Silent labels (%): 0.0, Time (s): 6.42
Train | Epoch 4.2 | Loss: 82.1, Accuracy (%): 11.4, Silent labels (%): 0.0, Time (s): 12.55
Train | Epoch 4.3 | Loss: 81.97, Accuracy (%): 11.25, Silent labels (%): 0.02, Time (s): 18.64
Train | Epoch 4.4 | Loss: 82.01, Accuracy (%): 11.2, Silent labels (%): 0.0, Time (s): 24.71
Train | Epoch 4.5 | Loss: 82.34, Accuracy (%): 9.95, Silent labels (%): 0.0, Time (s): 30.76
Train | Epoch 4.6 | Loss: 82.0, Accuracy (%): 11.23, Silent labels (%): 0.0, Time (s): 36.77
Train | Epoch 4.7 | Loss: 82.38, Accuracy (%): 11.0, Silent labels (%): 0.0, Time (s): 42.69
Train | Epoch 4.8 | Loss: 82.32, Accuracy (%): 10.12, Silent labels (%): 0.0, Time (s): 48.57
Train | Epoch 4.9 | Loss: 82.45, Accuracy (%): 10.43, Silent labels (%): 0.0, Time (s): 54.37
Train | Epoch 5.0 | Loss: 82.34, Accuracy (%): 10.47, Silent labels (%): 0.0, Time (s): 60.15
Test | Epoch 5.0 | Loss: 82.65, Accuracy (%): 10.32, Learning rate: 0.003, Hidden layer 1 spike counts: 359.42, Output layer spike counts: 29.07, Hidden layer 1 silents (%): 1.75, Output layer silents (%): 0.0, Hidden layer 1 weights norm: 542.64, Output layer weights norm: 87.22, Time (s): 1.89
Train | Epoch 5.1 | Loss: 82.35, Accuracy (%): 10.32, Silent labels (%): 0.0, Time (s): 5.79
Train | Epoch 5.2 | Loss: 82.12, Accuracy (%): 10.78, Silent labels (%): 0.0, Time (s): 11.56
Train | Epoch 5.3 | Loss: 82.41, Accuracy (%): 9.85, Silent labels (%): 0.0, Time (s): 17.23
Train | Epoch 5.4 | Loss: 82.98, Accuracy (%): 9.13, Silent labels (%): 0.0, Time (s): 22.93
Train | Epoch 5.5 | Loss: 82.89, Accuracy (%): 9.8, Silent labels (%): 0.0, Time (s): 28.53
Train | Epoch 5.6 | Loss: 82.71, Accuracy (%): 9.77, Silent labels (%): 0.0, Time (s): 34.29
Train | Epoch 5.7 | Loss: 83.06, Accuracy (%): 9.63, Silent labels (%): 0.0, Time (s): 39.85
Train | Epoch 5.8 | Loss: 83.03, Accuracy (%): 9.77, Silent labels (%): 0.0, Time (s): 45.42
Train | Epoch 5.9 | Loss: 82.59, Accuracy (%): 9.98, Silent labels (%): 0.0, Time (s): 50.89
Train | Epoch 6.0 | Loss: 83.03, Accuracy (%): 9.95, Silent labels (%): 0.0, Time (s): 56.32
Test | Epoch 6.0 | Loss: 83.72, Accuracy (%): 8.78, Learning rate: 0.003, Hidden layer 1 spike counts: 331.49, Output layer spike counts: 29.51, Hidden layer 1 silents (%): 1.5, Output layer silents (%): 0.0, Hidden layer 1 weights norm: 562.0, Output layer weights norm: 95.63, Time (s): 1.76
Train | Epoch 6.1 | Loss: 83.0, Accuracy (%): 10.28, Silent labels (%): 0.0, Time (s): 5.42
Train | Epoch 6.2 | Loss: 82.95, Accuracy (%): 9.52, Silent labels (%): 0.0, Time (s): 10.92
Train | Epoch 6.3 | Loss: 83.39, Accuracy (%): 10.05, Silent labels (%): 0.0, Time (s): 16.36
Train | Epoch 6.4 | Loss: 83.42, Accuracy (%): 9.2, Silent labels (%): 0.0, Time (s): 21.82
Train | Epoch 6.5 | Loss: 83.58, Accuracy (%): 9.4, Silent labels (%): 0.02, Time (s): 27.3
Train | Epoch 6.6 | Loss: 83.68, Accuracy (%): 8.9, Silent labels (%): 0.0, Time (s): 32.69
Train | Epoch 6.7 | Loss: 83.85, Accuracy (%): 9.25, Silent labels (%): 0.0, Time (s): 38.2
Train | Epoch 6.8 | Loss: 83.94, Accuracy (%): 8.92, Silent labels (%): 0.0, Time (s): 43.56
Train | Epoch 6.9 | Loss: 84.13, Accuracy (%): 8.9, Silent labels (%): 0.0, Time (s): 48.91
Train | Epoch 7.0 | Loss: 84.03, Accuracy (%): 8.7, Silent labels (%): 0.0, Time (s): 54.32
Test | Epoch 7.0 | Loss: 84.64, Accuracy (%): 8.35, Learning rate: 0.003, Hidden layer 1 spike counts: 310.12, Output layer spike counts: 28.76, Hidden layer 1 silents (%): 1.75, Output layer silents (%): 0.0, Hidden layer 1 weights norm: 582.41, Output layer weights norm: 103.62, Time (s): 1.66
Train | Epoch 7.1 | Loss: 84.49, Accuracy (%): 8.63, Silent labels (%): 0.0, Time (s): 5.14
Train | Epoch 7.2 | Loss: 84.44, Accuracy (%): 8.77, Silent labels (%): 0.0, Time (s): 10.49
Train | Epoch 7.3 | Loss: 83.82, Accuracy (%): 9.37, Silent labels (%): 0.0, Time (s): 15.74
Train | Epoch 7.4 | Loss: 84.61, Accuracy (%): 8.35, Silent labels (%): 0.0, Time (s): 21.17
Train | Epoch 7.5 | Loss: 85.06, Accuracy (%): 8.15, Silent labels (%): 0.0, Time (s): 26.66
Train | Epoch 7.6 | Loss: 84.71, Accuracy (%): 8.35, Silent labels (%): 0.0, Time (s): 31.98
Train | Epoch 7.7 | Loss: 85.49, Accuracy (%): 7.98, Silent labels (%): 0.0, Time (s): 37.31
Train | Epoch 7.8 | Loss: 85.28, Accuracy (%): 8.27, Silent labels (%): 0.0, Time (s): 43.02
Train | Epoch 7.9 | Loss: 85.37, Accuracy (%): 7.85, Silent labels (%): 0.0, Time (s): 48.43
Train | Epoch 8.0 | Loss: 85.17, Accuracy (%): 8.55, Silent labels (%): 0.0, Time (s): 53.81
Test | Epoch 8.0 | Loss: 85.98, Accuracy (%): 7.03, Learning rate: 0.003, Hidden layer 1 spike counts: 302.52, Output layer spike counts: 29.14, Hidden layer 1 silents (%): 1.5, Output layer silents (%): 0.0, Hidden layer 1 weights norm: 603.53, Output layer weights norm: 111.26, Time (s): 1.7
Train | Epoch 8.1 | Loss: 85.26, Accuracy (%): 8.3, Silent labels (%): 0.0, Time (s): 5.16
Train | Epoch 8.2 | Loss: 85.81, Accuracy (%): 7.58, Silent labels (%): 0.0, Time (s): 10.49
Train | Epoch 8.3 | Loss: 85.86, Accuracy (%): 7.85, Silent labels (%): 0.0, Time (s): 15.95
Train | Epoch 8.4 | Loss: 86.11, Accuracy (%): 7.42, Silent labels (%): 0.0, Time (s): 21.15
Train | Epoch 8.5 | Loss: 86.09, Accuracy (%): 7.72, Silent labels (%): 0.0, Time (s): 26.34
Train | Epoch 8.6 | Loss: 86.22, Accuracy (%): 8.02, Silent labels (%): 0.0, Time (s): 31.62
Train | Epoch 8.7 | Loss: 86.31, Accuracy (%): 7.23, Silent labels (%): 0.0, Time (s): 36.86
Train | Epoch 8.8 | Loss: 86.6, Accuracy (%): 7.67, Silent labels (%): 0.0, Time (s): 42.08
Train | Epoch 8.9 | Loss: 86.42, Accuracy (%): 7.78, Silent labels (%): 0.0, Time (s): 47.32
Train | Epoch 9.0 | Loss: 86.6, Accuracy (%): 7.53, Silent labels (%): 0.0, Time (s): 52.47
Test | Epoch 9.0 | Loss: 86.83, Accuracy (%): 6.87, Learning rate: 0.003, Hidden layer 1 spike counts: 291.85, Output layer spike counts: 28.36, Hidden layer 1 silents (%): 1.88, Output layer silents (%): 0.0, Hidden layer 1 weights norm: 625.17, Output layer weights norm: 118.52, Time (s): 1.65
Train | Epoch 9.1 | Loss: 86.8, Accuracy (%): 7.12, Silent labels (%): 0.0, Time (s): 5.23
Train | Epoch 9.2 | Loss: 86.6, Accuracy (%): 7.57, Silent labels (%): 0.0, Time (s): 10.4
Train | Epoch 9.3 | Loss: 86.49, Accuracy (%): 7.68, Silent labels (%): 0.0, Time (s): 15.64
Train | Epoch 9.4 | Loss: 87.21, Accuracy (%): 7.6, Silent labels (%): 0.0, Time (s): 20.98
Train | Epoch 9.5 | Loss: 87.12, Accuracy (%): 7.82, Silent labels (%): 0.0, Time (s): 26.69
Train | Epoch 9.6 | Loss: 87.5, Accuracy (%): 7.08, Silent labels (%): 0.0, Time (s): 31.96
Train | Epoch 9.7 | Loss: 87.32, Accuracy (%): 6.98, Silent labels (%): 0.0, Time (s): 37.41
Train | Epoch 9.8 | Loss: 87.43, Accuracy (%): 6.92, Silent labels (%): 0.0, Time (s): 42.76
Train | Epoch 9.9 | Loss: 87.46, Accuracy (%): 7.02, Silent labels (%): 0.0, Time (s): 48.1
Train | Epoch 10.0 | Loss: 87.51, Accuracy (%): 7.17, Silent labels (%): 0.0, Time (s): 53.28
Test | Epoch 10.0 | Loss: 88.13, Accuracy (%): 6.46, Learning rate: 0.003, Hidden layer 1 spike counts: 297.46, Output layer spike counts: 27.76, Hidden layer 1 silents (%): 1.88, Output layer silents (%): 0.0, Hidden layer 1 weights norm: 647.09, Output layer weights norm: 125.75, Time (s): 1.66
This network will be trained using DT = 0.01
Numpy seed: 397793767, Cupy seed: 943569308
Loading datasets...
Creating network...
Training...
Train | Epoch 0.1 | Loss: 58.0, Accuracy (%): 64.42, Silent labels (%): 9.67, Time (s): 14.77
Train | Epoch 0.2 | Loss: 36.77, Accuracy (%): 82.53, Silent labels (%): 0.05, Time (s): 30.9
Train | Epoch 0.3 | Loss: 38.89, Accuracy (%): 80.42, Silent labels (%): 0.03, Time (s): 45.83
Train | Epoch 0.4 | Loss: 41.26, Accuracy (%): 76.75, Silent labels (%): 0.03, Time (s): 59.14
Train | Epoch 0.5 | Loss: 44.16, Accuracy (%): 72.07, Silent labels (%): 0.02, Time (s): 71.23
Train | Epoch 0.6 | Loss: 46.55, Accuracy (%): 68.93, Silent labels (%): 0.02, Time (s): 82.64
Train | Epoch 0.7 | Loss: 47.98, Accuracy (%): 66.83, Silent labels (%): 0.0, Time (s): 93.1
Train | Epoch 0.8 | Loss: 49.36, Accuracy (%): 64.67, Silent labels (%): 0.0, Time (s): 103.07
Train | Epoch 0.9 | Loss: 51.52, Accuracy (%): 60.12, Silent labels (%): 0.0, Time (s): 112.61
Train | Epoch 1.0 | Loss: 52.41, Accuracy (%): 58.95, Silent labels (%): 0.02, Time (s): 121.91
Test | Epoch 1.0 | Loss: 53.69, Accuracy (%): 55.87, Learning rate: 0.003, Hidden layer 1 spike counts: 714.37, Output layer spike counts: 33.19, Hidden layer 1 silents (%): 1.25, Output layer silents (%): 0.0, Hidden layer 1 weights norm: 477.13, Output layer weights norm: 63.13, Time (s): 2.28
Best accuracy: 55.87%, Networks save to: best_model
Train | Epoch 1.1 | Loss: 53.8, Accuracy (%): 56.62, Silent labels (%): 0.02, Time (s): 9.03
Train | Epoch 1.2 | Loss: 53.87, Accuracy (%): 55.47, Silent labels (%): 0.0, Time (s): 17.89
Train | Epoch 1.3 | Loss: 55.69, Accuracy (%): 52.52, Silent labels (%): 0.0, Time (s): 26.34
Train | Epoch 1.4 | Loss: 56.03, Accuracy (%): 51.28, Silent labels (%): 0.0, Time (s): 35.18
Train | Epoch 1.5 | Loss: 57.26, Accuracy (%): 50.45, Silent labels (%): 0.02, Time (s): 43.26
Train | Epoch 1.6 | Loss: 58.89, Accuracy (%): 47.38, Silent labels (%): 0.02, Time (s): 50.93
Train | Epoch 1.7 | Loss: 59.17, Accuracy (%): 46.65, Silent labels (%): 0.03, Time (s): 58.57
Train | Epoch 1.8 | Loss: 59.73, Accuracy (%): 45.7, Silent labels (%): 0.02, Time (s): 66.3
Train | Epoch 1.9 | Loss: 59.96, Accuracy (%): 45.23, Silent labels (%): 0.0, Time (s): 73.66
Train | Epoch 2.0 | Loss: 60.6, Accuracy (%): 44.05, Silent labels (%): 0.02, Time (s): 81.01
Test | Epoch 2.0 | Loss: 61.94, Accuracy (%): 41.41, Learning rate: 0.003, Hidden layer 1 spike counts: 570.8, Output layer spike counts: 31.97, Hidden layer 1 silents (%): 1.75, Output layer silents (%): 0.0, Hidden layer 1 weights norm: 495.77, Output layer weights norm: 70.16, Time (s): 2.14
Train | Epoch 2.1 | Loss: 61.58, Accuracy (%): 42.65, Silent labels (%): 0.03, Time (s): 7.21
Train | Epoch 2.2 | Loss: 61.99, Accuracy (%): 41.8, Silent labels (%): 0.0, Time (s): 14.51
Train | Epoch 2.3 | Loss: 62.74, Accuracy (%): 39.95, Silent labels (%): 0.0, Time (s): 21.56
Train | Epoch 2.4 | Loss: 63.25, Accuracy (%): 39.7, Silent labels (%): 0.0, Time (s): 28.7
Train | Epoch 2.5 | Loss: 63.8, Accuracy (%): 38.32, Silent labels (%): 0.02, Time (s): 35.64
Train | Epoch 2.6 | Loss: 64.56, Accuracy (%): 37.57, Silent labels (%): 0.0, Time (s): 42.58
Train | Epoch 2.7 | Loss: 64.41, Accuracy (%): 37.55, Silent labels (%): 0.03, Time (s): 49.29
Train | Epoch 2.8 | Loss: 65.02, Accuracy (%): 37.0, Silent labels (%): 0.0, Time (s): 56.01
Train | Epoch 2.9 | Loss: 65.1, Accuracy (%): 36.55, Silent labels (%): 0.03, Time (s): 62.55
Train | Epoch 3.0 | Loss: 65.85, Accuracy (%): 34.07, Silent labels (%): 0.02, Time (s): 69.36
Test | Epoch 3.0 | Loss: 66.61, Accuracy (%): 33.53, Learning rate: 0.003, Hidden layer 1 spike counts: 495.71, Output layer spike counts: 30.94, Hidden layer 1 silents (%): 2.0, Output layer silents (%): 0.0, Hidden layer 1 weights norm: 514.44, Output layer weights norm: 76.57, Time (s): 2.17
Train | Epoch 3.1 | Loss: 65.86, Accuracy (%): 34.25, Silent labels (%): 0.02, Time (s): 6.41
Train | Epoch 3.2 | Loss: 66.78, Accuracy (%): 33.57, Silent labels (%): 0.02, Time (s): 12.95
Train | Epoch 3.3 | Loss: 66.51, Accuracy (%): 32.98, Silent labels (%): 0.03, Time (s): 19.42
Train | Epoch 3.4 | Loss: 67.16, Accuracy (%): 32.18, Silent labels (%): 0.03, Time (s): 25.94
Train | Epoch 3.5 | Loss: 67.8, Accuracy (%): 31.22, Silent labels (%): 0.0, Time (s): 32.37
Train | Epoch 3.6 | Loss: 68.3, Accuracy (%): 30.07, Silent labels (%): 0.0, Time (s): 38.79
Train | Epoch 3.7 | Loss: 68.43, Accuracy (%): 29.6, Silent labels (%): 0.03, Time (s): 45.25
Train | Epoch 3.8 | Loss: 68.29, Accuracy (%): 30.18, Silent labels (%): 0.03, Time (s): 51.53
Train | Epoch 3.9 | Loss: 68.54, Accuracy (%): 29.97, Silent labels (%): 0.05, Time (s): 57.89
Train | Epoch 4.0 | Loss: 68.46, Accuracy (%): 29.97, Silent labels (%): 0.0, Time (s): 64.11
Test | Epoch 4.0 | Loss: 70.05, Accuracy (%): 26.93, Learning rate: 0.003, Hidden layer 1 spike counts: 460.13, Output layer spike counts: 30.81, Hidden layer 1 silents (%): 1.88, Output layer silents (%): 0.0, Hidden layer 1 weights norm: 533.64, Output layer weights norm: 82.6, Time (s): 2.13
Train | Epoch 4.1 | Loss: 69.07, Accuracy (%): 28.7, Silent labels (%): 0.02, Time (s): 6.11
Train | Epoch 4.2 | Loss: 69.38, Accuracy (%): 27.85, Silent labels (%): 0.02, Time (s): 12.36
Train | Epoch 4.3 | Loss: 69.6, Accuracy (%): 28.28, Silent labels (%): 0.02, Time (s): 18.59
Train | Epoch 4.4 | Loss: 70.14, Accuracy (%): 27.62, Silent labels (%): 0.0, Time (s): 24.71
Train | Epoch 4.5 | Loss: 70.32, Accuracy (%): 27.15, Silent labels (%): 0.02, Time (s): 30.89
Train | Epoch 4.6 | Loss: 70.76, Accuracy (%): 26.68, Silent labels (%): 0.03, Time (s): 37.04
Train | Epoch 4.7 | Loss: 71.52, Accuracy (%): 25.83, Silent labels (%): 0.05, Time (s): 43.5
Train | Epoch 4.8 | Loss: 71.99, Accuracy (%): 24.8, Silent labels (%): 0.02, Time (s): 49.9
Train | Epoch 4.9 | Loss: 71.26, Accuracy (%): 25.75, Silent labels (%): 0.03, Time (s): 56.03
Train | Epoch 5.0 | Loss: 71.6, Accuracy (%): 25.05, Silent labels (%): 0.07, Time (s): 62.13
Test | Epoch 5.0 | Loss: 72.83, Accuracy (%): 22.97, Learning rate: 0.003, Hidden layer 1 spike counts: 439.48, Output layer spike counts: 30.47, Hidden layer 1 silents (%): 2.12, Output layer silents (%): 0.0, Hidden layer 1 weights norm: 552.93, Output layer weights norm: 88.38, Time (s): 2.43
Train | Epoch 5.1 | Loss: 72.44, Accuracy (%): 24.25, Silent labels (%): 0.0, Time (s): 6.0
Train | Epoch 5.2 | Loss: 71.78, Accuracy (%): 24.77, Silent labels (%): 0.02, Time (s): 12.03
Train | Epoch 5.3 | Loss: 72.22, Accuracy (%): 24.05, Silent labels (%): 0.03, Time (s): 18.2
Train | Epoch 5.4 | Loss: 73.5, Accuracy (%): 22.17, Silent labels (%): 0.03, Time (s): 24.49
Train | Epoch 5.5 | Loss: 73.41, Accuracy (%): 23.92, Silent labels (%): 0.02, Time (s): 30.73
Train | Epoch 5.6 | Loss: 73.2, Accuracy (%): 23.72, Silent labels (%): 0.02, Time (s): 36.59
Train | Epoch 5.7 | Loss: 73.88, Accuracy (%): 22.22, Silent labels (%): 0.07, Time (s): 42.39
Train | Epoch 5.8 | Loss: 73.88, Accuracy (%): 23.22, Silent labels (%): 0.02, Time (s): 48.27
Train | Epoch 5.9 | Loss: 73.62, Accuracy (%): 23.02, Silent labels (%): 0.02, Time (s): 54.27
Train | Epoch 6.0 | Loss: 74.2, Accuracy (%): 22.12, Silent labels (%): 0.02, Time (s): 60.63
Test | Epoch 6.0 | Loss: 75.08, Accuracy (%): 20.33, Learning rate: 0.003, Hidden layer 1 spike counts: 420.03, Output layer spike counts: 30.23, Hidden layer 1 silents (%): 2.0, Output layer silents (%): 0.0, Hidden layer 1 weights norm: 572.62, Output layer weights norm: 93.78, Time (s): 2.23
Train | Epoch 6.1 | Loss: 73.81, Accuracy (%): 23.18, Silent labels (%): 0.02, Time (s): 6.02
Train | Epoch 6.2 | Loss: 74.58, Accuracy (%): 22.0, Silent labels (%): 0.0, Time (s): 12.49
Train | Epoch 6.3 | Loss: 74.03, Accuracy (%): 23.05, Silent labels (%): 0.02, Time (s): 18.69
Train | Epoch 6.4 | Loss: 75.03, Accuracy (%): 21.28, Silent labels (%): 0.05, Time (s): 24.66
Train | Epoch 6.5 | Loss: 75.26, Accuracy (%): 21.03, Silent labels (%): 0.02, Time (s): 30.72
Train | Epoch 6.6 | Loss: 75.32, Accuracy (%): 21.33, Silent labels (%): 0.05, Time (s): 36.52
Train | Epoch 6.7 | Loss: 75.86, Accuracy (%): 20.7, Silent labels (%): 0.03, Time (s): 42.38
Train | Epoch 6.8 | Loss: 76.11, Accuracy (%): 20.37, Silent labels (%): 0.03, Time (s): 48.13
Train | Epoch 6.9 | Loss: 76.26, Accuracy (%): 20.57, Silent labels (%): 0.0, Time (s): 53.97
Train | Epoch 7.0 | Loss: 75.74, Accuracy (%): 21.53, Silent labels (%): 0.02, Time (s): 59.81
Test | Epoch 7.0 | Loss: 76.53, Accuracy (%): 19.69, Learning rate: 0.003, Hidden layer 1 spike counts: 411.28, Output layer spike counts: 29.76, Hidden layer 1 silents (%): 1.88, Output layer silents (%): 0.0, Hidden layer 1 weights norm: 592.23, Output layer weights norm: 98.56, Time (s): 2.1
Train | Epoch 7.1 | Loss: 76.57, Accuracy (%): 20.17, Silent labels (%): 0.02, Time (s): 5.64
Train | Epoch 7.2 | Loss: 76.49, Accuracy (%): 20.12, Silent labels (%): 0.0, Time (s): 11.5
Train | Epoch 7.3 | Loss: 75.88, Accuracy (%): 21.05, Silent labels (%): 0.03, Time (s): 17.35
Train | Epoch 7.4 | Loss: 76.53, Accuracy (%): 19.3, Silent labels (%): 0.03, Time (s): 23.26
Train | Epoch 7.5 | Loss: 77.32, Accuracy (%): 19.0, Silent labels (%): 0.03, Time (s): 29.09
Train | Epoch 7.6 | Loss: 76.91, Accuracy (%): 19.43, Silent labels (%): 0.05, Time (s): 34.81
Train | Epoch 7.7 | Loss: 77.46, Accuracy (%): 18.7, Silent labels (%): 0.03, Time (s): 40.51
Train | Epoch 7.8 | Loss: 77.77, Accuracy (%): 18.73, Silent labels (%): 0.02, Time (s): 46.25
Train | Epoch 7.9 | Loss: 77.48, Accuracy (%): 19.02, Silent labels (%): 0.05, Time (s): 51.96
Train | Epoch 8.0 | Loss: 77.32, Accuracy (%): 19.2, Silent labels (%): 0.03, Time (s): 57.73
Test | Epoch 8.0 | Loss: 78.08, Accuracy (%): 18.14, Learning rate: 0.003, Hidden layer 1 spike counts: 409.19, Output layer spike counts: 29.78, Hidden layer 1 silents (%): 1.75, Output layer silents (%): 0.0, Hidden layer 1 weights norm: 611.96, Output layer weights norm: 103.09, Time (s): 2.1
Train | Epoch 8.1 | Loss: 77.39, Accuracy (%): 19.42, Silent labels (%): 0.03, Time (s): 5.55
Train | Epoch 8.2 | Loss: 77.88, Accuracy (%): 18.3, Silent labels (%): 0.02, Time (s): 11.62
Train | Epoch 8.3 | Loss: 78.38, Accuracy (%): 17.95, Silent labels (%): 0.0, Time (s): 17.72
Train | Epoch 8.4 | Loss: 77.98, Accuracy (%): 18.5, Silent labels (%): 0.03, Time (s): 23.56
Train | Epoch 8.5 | Loss: 77.75, Accuracy (%): 19.27, Silent labels (%): 0.05, Time (s): 29.2
Train | Epoch 8.6 | Loss: 77.99, Accuracy (%): 18.9, Silent labels (%): 0.03, Time (s): 34.97
Train | Epoch 8.7 | Loss: 77.92, Accuracy (%): 18.45, Silent labels (%): 0.03, Time (s): 41.2
Train | Epoch 8.8 | Loss: 78.54, Accuracy (%): 17.7, Silent labels (%): 0.03, Time (s): 47.32
Train | Epoch 8.9 | Loss: 78.91, Accuracy (%): 18.1, Silent labels (%): 0.07, Time (s): 53.21
Train | Epoch 9.0 | Loss: 78.59, Accuracy (%): 18.22, Silent labels (%): 0.05, Time (s): 59.06
Test | Epoch 9.0 | Loss: 78.9, Accuracy (%): 17.82, Learning rate: 0.003, Hidden layer 1 spike counts: 400.78, Output layer spike counts: 29.1, Hidden layer 1 silents (%): 1.38, Output layer silents (%): 0.0, Hidden layer 1 weights norm: 632.18, Output layer weights norm: 107.54, Time (s): 2.19
Train | Epoch 9.1 | Loss: 78.48, Accuracy (%): 17.85, Silent labels (%): 0.03, Time (s): 5.97
Train | Epoch 9.2 | Loss: 79.32, Accuracy (%): 17.37, Silent labels (%): 0.03, Time (s): 12.12
Train | Epoch 9.3 | Loss: 78.27, Accuracy (%): 17.58, Silent labels (%): 0.02, Time (s): 17.69
Train | Epoch 9.4 | Loss: 79.68, Accuracy (%): 16.78, Silent labels (%): 0.03, Time (s): 23.36
Train | Epoch 9.5 | Loss: 78.94, Accuracy (%): 18.2, Silent labels (%): 0.05, Time (s): 28.95
Train | Epoch 9.6 | Loss: 79.81, Accuracy (%): 16.93, Silent labels (%): 0.02, Time (s): 34.54
Train | Epoch 9.7 | Loss: 79.52, Accuracy (%): 17.07, Silent labels (%): 0.0, Time (s): 40.21
Train | Epoch 9.8 | Loss: 79.59, Accuracy (%): 17.1, Silent labels (%): 0.05, Time (s): 46.1
Train | Epoch 9.9 | Loss: 79.23, Accuracy (%): 17.8, Silent labels (%): 0.02, Time (s): 52.12
Train | Epoch 10.0 | Loss: 79.58, Accuracy (%): 17.02, Silent labels (%): 0.05, Time (s): 57.85
Test | Epoch 10.0 | Loss: 80.48, Accuracy (%): 15.18, Learning rate: 0.003, Hidden layer 1 spike counts: 404.45, Output layer spike counts: 29.97, Hidden layer 1 silents (%): 1.5, Output layer silents (%): 0.0, Hidden layer 1 weights norm: 652.33, Output layer weights norm: 111.81, Time (s): 2.2
This network will be trained using DT = 0.005
Numpy seed: 397793767, Cupy seed: 943569308
Loading datasets...
Creating network...
Training...
Train | Epoch 0.1 | Loss: 55.84, Accuracy (%): 66.63, Silent labels (%): 9.73, Time (s): 15.49
Train | Epoch 0.2 | Loss: 26.87, Accuracy (%): 88.58, Silent labels (%): 0.05, Time (s): 30.63
Train | Epoch 0.3 | Loss: 21.64, Accuracy (%): 90.77, Silent labels (%): 0.02, Time (s): 43.83
Train | Epoch 0.4 | Loss: 18.54, Accuracy (%): 92.63, Silent labels (%): 0.02, Time (s): 55.92
Train | Epoch 0.5 | Loss: 16.7, Accuracy (%): 93.47, Silent labels (%): 0.0, Time (s): 66.48
Train | Epoch 0.6 | Loss: 15.44, Accuracy (%): 94.12, Silent labels (%): 0.0, Time (s): 76.34
Train | Epoch 0.7 | Loss: 14.87, Accuracy (%): 94.07, Silent labels (%): 0.0, Time (s): 85.78
Train | Epoch 0.8 | Loss: 13.9, Accuracy (%): 94.92, Silent labels (%): 0.0, Time (s): 94.34
Train | Epoch 0.9 | Loss: 13.25, Accuracy (%): 94.78, Silent labels (%): 0.0, Time (s): 102.64
Train | Epoch 1.0 | Loss: 12.78, Accuracy (%): 95.32, Silent labels (%): 0.0, Time (s): 110.7
Test | Epoch 1.0 | Loss: 12.08, Accuracy (%): 95.58, Learning rate: 0.003, Hidden layer 1 spike counts: 517.49, Output layer spike counts: 40.67, Hidden layer 1 silents (%): 1.12, Output layer silents (%): 0.0, Hidden layer 1 weights norm: 469.93, Output layer weights norm: 58.98, Time (s): 2.14
Best accuracy: 95.58%, Networks save to: best_model
Train | Epoch 1.1 | Loss: 11.88, Accuracy (%): 96.1, Silent labels (%): 0.0, Time (s): 7.83
Train | Epoch 1.2 | Loss: 11.41, Accuracy (%): 96.15, Silent labels (%): 0.0, Time (s): 15.7
Train | Epoch 1.3 | Loss: 11.45, Accuracy (%): 95.85, Silent labels (%): 0.0, Time (s): 23.27
Train | Epoch 1.4 | Loss: 11.18, Accuracy (%): 95.9, Silent labels (%): 0.0, Time (s): 30.79
Train | Epoch 1.5 | Loss: 10.43, Accuracy (%): 96.57, Silent labels (%): 0.0, Time (s): 37.99
Train | Epoch 1.6 | Loss: 10.9, Accuracy (%): 95.8, Silent labels (%): 0.0, Time (s): 45.35
Train | Epoch 1.7 | Loss: 10.47, Accuracy (%): 96.23, Silent labels (%): 0.0, Time (s): 52.57
Train | Epoch 1.8 | Loss: 10.3, Accuracy (%): 96.37, Silent labels (%): 0.0, Time (s): 59.59
Train | Epoch 1.9 | Loss: 10.1, Accuracy (%): 96.55, Silent labels (%): 0.0, Time (s): 67.17
Train | Epoch 2.0 | Loss: 9.7, Accuracy (%): 96.78, Silent labels (%): 0.0, Time (s): 73.89
Test | Epoch 2.0 | Loss: 9.8, Accuracy (%): 96.52, Learning rate: 0.003, Hidden layer 1 spike counts: 414.96, Output layer spike counts: 40.68, Hidden layer 1 silents (%): 1.88, Output layer silents (%): 0.0, Hidden layer 1 weights norm: 480.14, Output layer weights norm: 63.29, Time (s): 1.97
Best accuracy: 96.52%, Networks save to: best_model
Train | Epoch 2.1 | Loss: 9.41, Accuracy (%): 97.05, Silent labels (%): 0.0, Time (s): 6.51
Train | Epoch 2.2 | Loss: 9.19, Accuracy (%): 97.07, Silent labels (%): 0.0, Time (s): 13.15
Train | Epoch 2.3 | Loss: 8.81, Accuracy (%): 97.05, Silent labels (%): 0.0, Time (s): 19.52
Train | Epoch 2.4 | Loss: 9.19, Accuracy (%): 96.7, Silent labels (%): 0.0, Time (s): 25.79
Train | Epoch 2.5 | Loss: 8.95, Accuracy (%): 97.35, Silent labels (%): 0.0, Time (s): 32.18
Train | Epoch 2.6 | Loss: 8.95, Accuracy (%): 97.02, Silent labels (%): 0.0, Time (s): 38.27
Train | Epoch 2.7 | Loss: 8.96, Accuracy (%): 96.93, Silent labels (%): 0.0, Time (s): 44.35
Train | Epoch 2.8 | Loss: 8.72, Accuracy (%): 96.97, Silent labels (%): 0.0, Time (s): 50.41
Train | Epoch 2.9 | Loss: 8.52, Accuracy (%): 97.4, Silent labels (%): 0.0, Time (s): 56.44
Train | Epoch 3.0 | Loss: 8.42, Accuracy (%): 97.27, Silent labels (%): 0.0, Time (s): 62.39
Test | Epoch 3.0 | Loss: 8.56, Accuracy (%): 97.19, Learning rate: 0.003, Hidden layer 1 spike counts: 363.68, Output layer spike counts: 40.66, Hidden layer 1 silents (%): 1.88, Output layer silents (%): 0.0, Hidden layer 1 weights norm: 490.08, Output layer weights norm: 66.83, Time (s): 1.8
Best accuracy: 97.19%, Networks save to: best_model
Train | Epoch 3.1 | Loss: 8.23, Accuracy (%): 97.57, Silent labels (%): 0.0, Time (s): 5.89
Train | Epoch 3.2 | Loss: 7.72, Accuracy (%): 97.8, Silent labels (%): 0.0, Time (s): 11.88
Train | Epoch 3.3 | Loss: 7.82, Accuracy (%): 97.73, Silent labels (%): 0.0, Time (s): 18.23
Train | Epoch 3.4 | Loss: 8.11, Accuracy (%): 97.3, Silent labels (%): 0.0, Time (s): 24.34
Train | Epoch 3.5 | Loss: 7.52, Accuracy (%): 97.77, Silent labels (%): 0.0, Time (s): 30.47
Train | Epoch 3.6 | Loss: 7.68, Accuracy (%): 97.7, Silent labels (%): 0.0, Time (s): 36.44
Train | Epoch 3.7 | Loss: 7.89, Accuracy (%): 97.63, Silent labels (%): 0.0, Time (s): 42.37
Train | Epoch 3.8 | Loss: 7.89, Accuracy (%): 97.38, Silent labels (%): 0.0, Time (s): 48.15
Train | Epoch 3.9 | Loss: 8.0, Accuracy (%): 97.5, Silent labels (%): 0.0, Time (s): 53.97
Train | Epoch 4.0 | Loss: 7.58, Accuracy (%): 97.72, Silent labels (%): 0.0, Time (s): 59.75
Test | Epoch 4.0 | Loss: 7.84, Accuracy (%): 97.46, Learning rate: 0.003, Hidden layer 1 spike counts: 336.79, Output layer spike counts: 41.62, Hidden layer 1 silents (%): 2.12, Output layer silents (%): 0.0, Hidden layer 1 weights norm: 500.3, Output layer weights norm: 70.36, Time (s): 1.56
Best accuracy: 97.46%, Networks save to: best_model
Train | Epoch 4.1 | Loss: 7.24, Accuracy (%): 97.97, Silent labels (%): 0.0, Time (s): 5.76
Train | Epoch 4.2 | Loss: 6.9, Accuracy (%): 98.47, Silent labels (%): 0.0, Time (s): 11.52
Train | Epoch 4.3 | Loss: 7.12, Accuracy (%): 97.98, Silent labels (%): 0.0, Time (s): 17.21
Train | Epoch 4.4 | Loss: 7.28, Accuracy (%): 97.82, Silent labels (%): 0.0, Time (s): 22.84
Train | Epoch 4.5 | Loss: 7.05, Accuracy (%): 97.95, Silent labels (%): 0.0, Time (s): 28.5
Train | Epoch 4.6 | Loss: 7.27, Accuracy (%): 97.92, Silent labels (%): 0.0, Time (s): 34.04
Train | Epoch 4.7 | Loss: 7.06, Accuracy (%): 97.95, Silent labels (%): 0.0, Time (s): 39.58
Train | Epoch 4.8 | Loss: 7.16, Accuracy (%): 97.85, Silent labels (%): 0.0, Time (s): 45.0
Train | Epoch 4.9 | Loss: 7.16, Accuracy (%): 97.9, Silent labels (%): 0.0, Time (s): 50.44
Train | Epoch 5.0 | Loss: 6.95, Accuracy (%): 97.95, Silent labels (%): 0.0, Time (s): 55.92
Test | Epoch 5.0 | Loss: 7.42, Accuracy (%): 97.67, Learning rate: 0.003, Hidden layer 1 spike counts: 306.92, Output layer spike counts: 40.97, Hidden layer 1 silents (%): 2.38, Output layer silents (%): 0.0, Hidden layer 1 weights norm: 510.57, Output layer weights norm: 73.63, Time (s): 1.57
Best accuracy: 97.67%, Networks save to: best_model
Train | Epoch 5.1 | Loss: 6.65, Accuracy (%): 98.23, Silent labels (%): 0.0, Time (s): 5.37
Train | Epoch 5.2 | Loss: 6.91, Accuracy (%): 97.98, Silent labels (%): 0.0, Time (s): 10.89
Train | Epoch 5.3 | Loss: 6.69, Accuracy (%): 98.18, Silent labels (%): 0.0, Time (s): 16.3
Train | Epoch 5.4 | Loss: 6.37, Accuracy (%): 98.27, Silent labels (%): 0.0, Time (s): 21.81
Train | Epoch 5.5 | Loss: 6.53, Accuracy (%): 98.15, Silent labels (%): 0.0, Time (s): 27.39
Train | Epoch 5.6 | Loss: 6.55, Accuracy (%): 98.15, Silent labels (%): 0.0, Time (s): 32.7
Train | Epoch 5.7 | Loss: 6.51, Accuracy (%): 98.35, Silent labels (%): 0.0, Time (s): 38.05
Train | Epoch 5.8 | Loss: 6.54, Accuracy (%): 98.25, Silent labels (%): 0.0, Time (s): 43.35
Train | Epoch 5.9 | Loss: 6.42, Accuracy (%): 98.3, Silent labels (%): 0.0, Time (s): 48.61
Train | Epoch 6.0 | Loss: 6.77, Accuracy (%): 97.98, Silent labels (%): 0.0, Time (s): 53.87
Test | Epoch 6.0 | Loss: 7.04, Accuracy (%): 97.85, Learning rate: 0.003, Hidden layer 1 spike counts: 290.17, Output layer spike counts: 40.76, Hidden layer 1 silents (%): 2.0, Output layer silents (%): 0.0, Hidden layer 1 weights norm: 521.02, Output layer weights norm: 76.81, Time (s): 1.51
Best accuracy: 97.85%, Networks save to: best_model
Train | Epoch 6.1 | Loss: 6.23, Accuracy (%): 98.6, Silent labels (%): 0.0, Time (s): 5.08
Train | Epoch 6.2 | Loss: 6.24, Accuracy (%): 98.3, Silent labels (%): 0.0, Time (s): 10.31
Train | Epoch 6.3 | Loss: 6.34, Accuracy (%): 98.15, Silent labels (%): 0.0, Time (s): 15.58
Train | Epoch 6.4 | Loss: 6.35, Accuracy (%): 98.28, Silent labels (%): 0.0, Time (s): 20.77
Train | Epoch 6.5 | Loss: 6.2, Accuracy (%): 98.27, Silent labels (%): 0.0, Time (s): 25.87
Train | Epoch 6.6 | Loss: 6.23, Accuracy (%): 98.3, Silent labels (%): 0.0, Time (s): 31.06
Train | Epoch 6.7 | Loss: 6.1, Accuracy (%): 98.52, Silent labels (%): 0.0, Time (s): 36.13
Train | Epoch 6.8 | Loss: 6.24, Accuracy (%): 98.33, Silent labels (%): 0.0, Time (s): 41.42
Train | Epoch 6.9 | Loss: 6.06, Accuracy (%): 98.45, Silent labels (%): 0.0, Time (s): 46.79
Train | Epoch 7.0 | Loss: 6.08, Accuracy (%): 98.58, Silent labels (%): 0.0, Time (s): 51.79
Test | Epoch 7.0 | Loss: 6.8, Accuracy (%): 97.97, Learning rate: 0.003, Hidden layer 1 spike counts: 277.73, Output layer spike counts: 41.35, Hidden layer 1 silents (%): 2.12, Output layer silents (%): 0.0, Hidden layer 1 weights norm: 531.36, Output layer weights norm: 79.81, Time (s): 1.54
Best accuracy: 97.97%, Networks save to: best_model
Train | Epoch 7.1 | Loss: 5.87, Accuracy (%): 98.57, Silent labels (%): 0.0, Time (s): 4.96
Train | Epoch 7.2 | Loss: 5.76, Accuracy (%): 98.68, Silent labels (%): 0.0, Time (s): 9.64
Train | Epoch 7.3 | Loss: 6.21, Accuracy (%): 98.18, Silent labels (%): 0.0, Time (s): 14.59
Train | Epoch 7.4 | Loss: 5.99, Accuracy (%): 98.42, Silent labels (%): 0.0, Time (s): 19.86
Train | Epoch 7.5 | Loss: 5.96, Accuracy (%): 98.45, Silent labels (%): 0.0, Time (s): 24.7
Train | Epoch 7.6 | Loss: 5.99, Accuracy (%): 98.45, Silent labels (%): 0.0, Time (s): 29.6
Train | Epoch 7.7 | Loss: 5.73, Accuracy (%): 98.55, Silent labels (%): 0.0, Time (s): 34.43
Train | Epoch 7.8 | Loss: 5.74, Accuracy (%): 98.62, Silent labels (%): 0.02, Time (s): 39.21
Train | Epoch 7.9 | Loss: 5.82, Accuracy (%): 98.53, Silent labels (%): 0.0, Time (s): 44.01
Train | Epoch 8.0 | Loss: 6.0, Accuracy (%): 98.55, Silent labels (%): 0.0, Time (s): 48.85
Test | Epoch 8.0 | Loss: 6.66, Accuracy (%): 97.92, Learning rate: 0.003, Hidden layer 1 spike counts: 263.48, Output layer spike counts: 41.4, Hidden layer 1 silents (%): 2.0, Output layer silents (%): 0.0, Hidden layer 1 weights norm: 541.77, Output layer weights norm: 82.68, Time (s): 1.48
Train | Epoch 8.1 | Loss: 5.62, Accuracy (%): 98.82, Silent labels (%): 0.0, Time (s): 4.77
Train | Epoch 8.2 | Loss: 5.55, Accuracy (%): 98.73, Silent labels (%): 0.02, Time (s): 9.76
Train | Epoch 8.3 | Loss: 5.65, Accuracy (%): 98.72, Silent labels (%): 0.0, Time (s): 14.87
Train | Epoch 8.4 | Loss: 5.52, Accuracy (%): 98.83, Silent labels (%): 0.0, Time (s): 19.84
Train | Epoch 8.5 | Loss: 5.7, Accuracy (%): 98.83, Silent labels (%): 0.0, Time (s): 24.61
Train | Epoch 8.6 | Loss: 5.71, Accuracy (%): 98.55, Silent labels (%): 0.0, Time (s): 29.39
Train | Epoch 8.7 | Loss: 5.63, Accuracy (%): 98.48, Silent labels (%): 0.0, Time (s): 34.12
Train | Epoch 8.8 | Loss: 5.61, Accuracy (%): 98.62, Silent labels (%): 0.0, Time (s): 38.8
Train | Epoch 8.9 | Loss: 5.69, Accuracy (%): 98.5, Silent labels (%): 0.0, Time (s): 43.49
Train | Epoch 9.0 | Loss: 5.71, Accuracy (%): 98.68, Silent labels (%): 0.0, Time (s): 48.13
Test | Epoch 9.0 | Loss: 6.69, Accuracy (%): 98.0, Learning rate: 0.003, Hidden layer 1 spike counts: 246.22, Output layer spike counts: 40.14, Hidden layer 1 silents (%): 1.88, Output layer silents (%): 0.0, Hidden layer 1 weights norm: 552.21, Output layer weights norm: 85.55, Time (s): 1.48
Best accuracy: 98.0%, Networks save to: best_model
Train | Epoch 9.1 | Loss: 5.44, Accuracy (%): 98.7, Silent labels (%): 0.0, Time (s): 4.6
Train | Epoch 9.2 | Loss: 5.31, Accuracy (%): 99.0, Silent labels (%): 0.0, Time (s): 9.45
Train | Epoch 9.3 | Loss: 5.58, Accuracy (%): 98.65, Silent labels (%): 0.0, Time (s): 14.11
Train | Epoch 9.4 | Loss: 5.26, Accuracy (%): 98.92, Silent labels (%): 0.0, Time (s): 18.74
Train | Epoch 9.5 | Loss: 5.27, Accuracy (%): 98.97, Silent labels (%): 0.0, Time (s): 23.47
Train | Epoch 9.6 | Loss: 5.4, Accuracy (%): 98.65, Silent labels (%): 0.0, Time (s): 28.06
Train | Epoch 9.7 | Loss: 5.22, Accuracy (%): 98.92, Silent labels (%): 0.0, Time (s): 32.64
Train | Epoch 9.8 | Loss: 5.44, Accuracy (%): 98.77, Silent labels (%): 0.0, Time (s): 37.36
Train | Epoch 9.9 | Loss: 5.74, Accuracy (%): 98.65, Silent labels (%): 0.0, Time (s): 41.98
Train | Epoch 10.0 | Loss: 5.48, Accuracy (%): 98.75, Silent labels (%): 0.0, Time (s): 46.54
Test | Epoch 10.0 | Loss: 6.35, Accuracy (%): 98.15, Learning rate: 0.003, Hidden layer 1 spike counts: 240.91, Output layer spike counts: 41.32, Hidden layer 1 silents (%): 1.88, Output layer silents (%): 0.0, Hidden layer 1 weights norm: 562.39, Output layer weights norm: 88.39, Time (s): 1.5
Best accuracy: 98.15%, Networks save to: best_model
This network will be trained using DT = 0.001
Numpy seed: 397793767, Cupy seed: 943569308
Loading datasets...
Creating network...
Training...
Train | Epoch 0.1 | Loss: 57.44, Accuracy (%): 66.13, Silent labels (%): 11.97, Time (s): 15.4
Train | Epoch 0.2 | Loss: 26.17, Accuracy (%): 89.02, Silent labels (%): 0.05, Time (s): 31.58
Train | Epoch 0.3 | Loss: 21.08, Accuracy (%): 91.0, Silent labels (%): 0.02, Time (s): 46.0
Train | Epoch 0.4 | Loss: 18.14, Accuracy (%): 92.88, Silent labels (%): 0.02, Time (s): 58.98
Train | Epoch 0.5 | Loss: 16.32, Accuracy (%): 93.53, Silent labels (%): 0.0, Time (s): 70.57
Train | Epoch 0.6 | Loss: 15.0, Accuracy (%): 94.35, Silent labels (%): 0.02, Time (s): 81.4
Train | Epoch 0.7 | Loss: 14.46, Accuracy (%): 94.35, Silent labels (%): 0.0, Time (s): 91.46
Train | Epoch 0.8 | Loss: 13.54, Accuracy (%): 94.95, Silent labels (%): 0.0, Time (s): 100.99
Train | Epoch 0.9 | Loss: 12.96, Accuracy (%): 95.0, Silent labels (%): 0.0, Time (s): 110.21
Train | Epoch 1.0 | Loss: 12.44, Accuracy (%): 95.53, Silent labels (%): 0.0, Time (s): 118.91
Test | Epoch 1.0 | Loss: 11.75, Accuracy (%): 95.79, Learning rate: 0.003, Hidden layer 1 spike counts: 586.41, Output layer spike counts: 41.05, Hidden layer 1 silents (%): 1.88, Output layer silents (%): 0.0, Hidden layer 1 weights norm: 469.72, Output layer weights norm: 58.8, Time (s): 2.12
Best accuracy: 95.79%, Networks save to: best_model
Train | Epoch 1.1 | Loss: 11.45, Accuracy (%): 96.12, Silent labels (%): 0.02, Time (s): 8.35
Train | Epoch 1.2 | Loss: 11.04, Accuracy (%): 96.25, Silent labels (%): 0.0, Time (s): 16.66
Train | Epoch 1.3 | Loss: 11.11, Accuracy (%): 95.92, Silent labels (%): 0.0, Time (s): 24.78
Train | Epoch 1.4 | Loss: 10.82, Accuracy (%): 96.1, Silent labels (%): 0.0, Time (s): 32.92
Train | Epoch 1.5 | Loss: 10.09, Accuracy (%): 96.8, Silent labels (%): 0.0, Time (s): 40.57
Train | Epoch 1.6 | Loss: 10.61, Accuracy (%): 95.98, Silent labels (%): 0.0, Time (s): 48.2
Train | Epoch 1.7 | Loss: 10.04, Accuracy (%): 96.47, Silent labels (%): 0.0, Time (s): 55.65
Train | Epoch 1.8 | Loss: 9.91, Accuracy (%): 96.35, Silent labels (%): 0.0, Time (s): 62.99
Train | Epoch 1.9 | Loss: 9.74, Accuracy (%): 96.58, Silent labels (%): 0.0, Time (s): 70.34
Train | Epoch 2.0 | Loss: 9.4, Accuracy (%): 96.82, Silent labels (%): 0.0, Time (s): 77.49
Test | Epoch 2.0 | Loss: 9.46, Accuracy (%): 96.79, Learning rate: 0.003, Hidden layer 1 spike counts: 464.35, Output layer spike counts: 40.51, Hidden layer 1 silents (%): 1.5, Output layer silents (%): 0.0, Hidden layer 1 weights norm: 479.91, Output layer weights norm: 62.94, Time (s): 2.11
Best accuracy: 96.79%, Networks save to: best_model
Train | Epoch 2.1 | Loss: 9.03, Accuracy (%): 97.23, Silent labels (%): 0.0, Time (s): 6.95
Train | Epoch 2.2 | Loss: 8.76, Accuracy (%): 97.07, Silent labels (%): 0.0, Time (s): 14.25
Train | Epoch 2.3 | Loss: 8.45, Accuracy (%): 97.28, Silent labels (%): 0.0, Time (s): 21.39
Train | Epoch 2.4 | Loss: 8.82, Accuracy (%): 97.03, Silent labels (%): 0.0, Time (s): 28.32
Train | Epoch 2.5 | Loss: 8.51, Accuracy (%): 97.67, Silent labels (%): 0.0, Time (s): 35.39
Train | Epoch 2.6 | Loss: 8.55, Accuracy (%): 97.0, Silent labels (%): 0.0, Time (s): 42.31
Train | Epoch 2.7 | Loss: 8.53, Accuracy (%): 97.12, Silent labels (%): 0.0, Time (s): 48.87
Train | Epoch 2.8 | Loss: 8.41, Accuracy (%): 96.97, Silent labels (%): 0.0, Time (s): 55.34
Train | Epoch 2.9 | Loss: 8.12, Accuracy (%): 97.45, Silent labels (%): 0.0, Time (s): 61.82
Train | Epoch 3.0 | Loss: 8.1, Accuracy (%): 97.43, Silent labels (%): 0.0, Time (s): 68.2
Test | Epoch 3.0 | Loss: 8.24, Accuracy (%): 97.19, Learning rate: 0.003, Hidden layer 1 spike counts: 409.75, Output layer spike counts: 40.67, Hidden layer 1 silents (%): 1.75, Output layer silents (%): 0.0, Hidden layer 1 weights norm: 489.78, Output layer weights norm: 66.13, Time (s): 2.09
Best accuracy: 97.19%, Networks save to: best_model
Train | Epoch 3.1 | Loss: 7.82, Accuracy (%): 97.75, Silent labels (%): 0.0, Time (s): 6.31
Train | Epoch 3.2 | Loss: 7.34, Accuracy (%): 97.9, Silent labels (%): 0.0, Time (s): 12.65
Train | Epoch 3.3 | Loss: 7.51, Accuracy (%): 97.87, Silent labels (%): 0.0, Time (s): 19.06
Train | Epoch 3.4 | Loss: 7.76, Accuracy (%): 97.48, Silent labels (%): 0.0, Time (s): 25.2
Train | Epoch 3.5 | Loss: 7.15, Accuracy (%): 97.95, Silent labels (%): 0.0, Time (s): 31.29
Train | Epoch 3.6 | Loss: 7.35, Accuracy (%): 97.82, Silent labels (%): 0.02, Time (s): 37.47
Train | Epoch 3.7 | Loss: 7.48, Accuracy (%): 97.65, Silent labels (%): 0.0, Time (s): 43.32
Train | Epoch 3.8 | Loss: 7.45, Accuracy (%): 97.48, Silent labels (%): 0.0, Time (s): 49.24
Train | Epoch 3.9 | Loss: 7.59, Accuracy (%): 97.73, Silent labels (%): 0.0, Time (s): 55.12
Train | Epoch 4.0 | Loss: 7.24, Accuracy (%): 97.85, Silent labels (%): 0.0, Time (s): 60.95
Test | Epoch 4.0 | Loss: 7.54, Accuracy (%): 97.46, Learning rate: 0.003, Hidden layer 1 spike counts: 378.04, Output layer spike counts: 41.42, Hidden layer 1 silents (%): 1.88, Output layer silents (%): 0.0, Hidden layer 1 weights norm: 500.12, Output layer weights norm: 69.04, Time (s): 1.9
Best accuracy: 97.46%, Networks save to: best_model
Train | Epoch 4.1 | Loss: 6.87, Accuracy (%): 98.07, Silent labels (%): 0.02, Time (s): 5.66
Train | Epoch 4.2 | Loss: 6.58, Accuracy (%): 98.32, Silent labels (%): 0.0, Time (s): 11.51
Train | Epoch 4.3 | Loss: 6.81, Accuracy (%): 98.02, Silent labels (%): 0.0, Time (s): 17.24
Train | Epoch 4.4 | Loss: 6.92, Accuracy (%): 97.85, Silent labels (%): 0.0, Time (s): 22.83
Train | Epoch 4.5 | Loss: 6.71, Accuracy (%): 98.1, Silent labels (%): 0.0, Time (s): 28.45
Train | Epoch 4.6 | Loss: 6.89, Accuracy (%): 97.85, Silent labels (%): 0.0, Time (s): 34.09
Train | Epoch 4.7 | Loss: 6.74, Accuracy (%): 97.8, Silent labels (%): 0.0, Time (s): 39.66
Train | Epoch 4.8 | Loss: 6.74, Accuracy (%): 98.05, Silent labels (%): 0.0, Time (s): 45.16
Train | Epoch 4.9 | Loss: 6.75, Accuracy (%): 98.1, Silent labels (%): 0.0, Time (s): 50.66
Train | Epoch 5.0 | Loss: 6.58, Accuracy (%): 98.0, Silent labels (%): 0.0, Time (s): 56.08
Test | Epoch 5.0 | Loss: 7.05, Accuracy (%): 97.68, Learning rate: 0.003, Hidden layer 1 spike counts: 352.92, Output layer spike counts: 41.73, Hidden layer 1 silents (%): 2.25, Output layer silents (%): 0.0, Hidden layer 1 weights norm: 510.7, Output layer weights norm: 71.91, Time (s): 1.55
Best accuracy: 97.68%, Networks save to: best_model
Train | Epoch 5.1 | Loss: 6.29, Accuracy (%): 98.37, Silent labels (%): 0.0, Time (s): 5.3
Train | Epoch 5.2 | Loss: 6.47, Accuracy (%): 98.08, Silent labels (%): 0.0, Time (s): 10.66
Train | Epoch 5.3 | Loss: 6.32, Accuracy (%): 98.43, Silent labels (%): 0.0, Time (s): 16.13
Train | Epoch 5.4 | Loss: 6.03, Accuracy (%): 98.33, Silent labels (%): 0.0, Time (s): 21.56
Train | Epoch 5.5 | Loss: 6.21, Accuracy (%): 98.1, Silent labels (%): 0.0, Time (s): 27.03
Train | Epoch 5.6 | Loss: 6.19, Accuracy (%): 98.28, Silent labels (%): 0.0, Time (s): 32.48
Train | Epoch 5.7 | Loss: 6.13, Accuracy (%): 98.37, Silent labels (%): 0.0, Time (s): 37.87
Train | Epoch 5.8 | Loss: 6.1, Accuracy (%): 98.48, Silent labels (%): 0.0, Time (s): 43.44
Train | Epoch 5.9 | Loss: 6.06, Accuracy (%): 98.43, Silent labels (%): 0.0, Time (s): 48.84
Train | Epoch 6.0 | Loss: 6.34, Accuracy (%): 98.13, Silent labels (%): 0.0, Time (s): 54.34
Test | Epoch 6.0 | Loss: 6.61, Accuracy (%): 97.88, Learning rate: 0.003, Hidden layer 1 spike counts: 333.27, Output layer spike counts: 41.85, Hidden layer 1 silents (%): 2.38, Output layer silents (%): 0.0, Hidden layer 1 weights norm: 521.46, Output layer weights norm: 74.73, Time (s): 1.51
Best accuracy: 97.88%, Networks save to: best_model
Train | Epoch 6.1 | Loss: 5.84, Accuracy (%): 98.68, Silent labels (%): 0.0, Time (s): 5.07
Train | Epoch 6.2 | Loss: 5.8, Accuracy (%): 98.45, Silent labels (%): 0.0, Time (s): 10.58
Train | Epoch 6.3 | Loss: 6.03, Accuracy (%): 98.4, Silent labels (%): 0.0, Time (s): 15.88
Train | Epoch 6.4 | Loss: 5.95, Accuracy (%): 98.43, Silent labels (%): 0.0, Time (s): 21.18
Train | Epoch 6.5 | Loss: 5.85, Accuracy (%): 98.43, Silent labels (%): 0.0, Time (s): 26.61
Train | Epoch 6.6 | Loss: 5.9, Accuracy (%): 98.33, Silent labels (%): 0.0, Time (s): 31.77
Train | Epoch 6.7 | Loss: 5.68, Accuracy (%): 98.53, Silent labels (%): 0.0, Time (s): 36.85
Train | Epoch 6.8 | Loss: 5.76, Accuracy (%): 98.53, Silent labels (%): 0.0, Time (s): 42.1
Train | Epoch 6.9 | Loss: 5.64, Accuracy (%): 98.53, Silent labels (%): 0.0, Time (s): 47.12
Train | Epoch 7.0 | Loss: 5.66, Accuracy (%): 98.6, Silent labels (%): 0.0, Time (s): 52.11
Test | Epoch 7.0 | Loss: 6.47, Accuracy (%): 98.0, Learning rate: 0.003, Hidden layer 1 spike counts: 316.31, Output layer spike counts: 41.26, Hidden layer 1 silents (%): 1.88, Output layer silents (%): 0.0, Hidden layer 1 weights norm: 532.18, Output layer weights norm: 77.28, Time (s): 1.49
Best accuracy: 98.0%, Networks save to: best_model
Train | Epoch 7.1 | Loss: 5.47, Accuracy (%): 98.77, Silent labels (%): 0.0, Time (s): 4.86
Train | Epoch 7.2 | Loss: 5.35, Accuracy (%): 98.72, Silent labels (%): 0.0, Time (s): 9.84
Train | Epoch 7.3 | Loss: 5.69, Accuracy (%): 98.35, Silent labels (%): 0.0, Time (s): 15.06
Train | Epoch 7.4 | Loss: 5.59, Accuracy (%): 98.58, Silent labels (%): 0.0, Time (s): 20.41
Train | Epoch 7.5 | Loss: 5.55, Accuracy (%): 98.58, Silent labels (%): 0.0, Time (s): 25.9
Train | Epoch 7.6 | Loss: 5.52, Accuracy (%): 98.67, Silent labels (%): 0.0, Time (s): 31.45
Train | Epoch 7.7 | Loss: 5.29, Accuracy (%): 98.67, Silent labels (%): 0.0, Time (s): 36.68
Train | Epoch 7.8 | Loss: 5.37, Accuracy (%): 98.65, Silent labels (%): 0.0, Time (s): 41.92
Train | Epoch 7.9 | Loss: 5.37, Accuracy (%): 98.67, Silent labels (%): 0.0, Time (s): 47.18
Train | Epoch 8.0 | Loss: 5.5, Accuracy (%): 98.7, Silent labels (%): 0.0, Time (s): 52.22
Test | Epoch 8.0 | Loss: 6.25, Accuracy (%): 97.95, Learning rate: 0.003, Hidden layer 1 spike counts: 303.4, Output layer spike counts: 41.76, Hidden layer 1 silents (%): 1.62, Output layer silents (%): 0.0, Hidden layer 1 weights norm: 543.08, Output layer weights norm: 79.8, Time (s): 1.55
Train | Epoch 8.1 | Loss: 5.19, Accuracy (%): 99.03, Silent labels (%): 0.0, Time (s): 5.05
Train | Epoch 8.2 | Loss: 5.11, Accuracy (%): 98.75, Silent labels (%): 0.0, Time (s): 10.27
Train | Epoch 8.3 | Loss: 5.23, Accuracy (%): 98.77, Silent labels (%): 0.0, Time (s): 15.51
Train | Epoch 8.4 | Loss: 5.04, Accuracy (%): 98.88, Silent labels (%): 0.0, Time (s): 20.65
Train | Epoch 8.5 | Loss: 5.22, Accuracy (%): 98.75, Silent labels (%): 0.0, Time (s): 25.6
Train | Epoch 8.6 | Loss: 5.22, Accuracy (%): 98.7, Silent labels (%): 0.0, Time (s): 30.39
Train | Epoch 8.7 | Loss: 5.17, Accuracy (%): 98.82, Silent labels (%): 0.0, Time (s): 35.29
Train | Epoch 8.8 | Loss: 5.25, Accuracy (%): 98.73, Silent labels (%): 0.02, Time (s): 40.51
Train | Epoch 8.9 | Loss: 5.25, Accuracy (%): 98.63, Silent labels (%): 0.0, Time (s): 45.53
Train | Epoch 9.0 | Loss: 5.31, Accuracy (%): 98.77, Silent labels (%): 0.0, Time (s): 50.65
Test | Epoch 9.0 | Loss: 6.07, Accuracy (%): 98.2, Learning rate: 0.003, Hidden layer 1 spike counts: 291.67, Output layer spike counts: 41.14, Hidden layer 1 silents (%): 1.75, Output layer silents (%): 0.0, Hidden layer 1 weights norm: 554.14, Output layer weights norm: 82.27, Time (s): 1.6
Best accuracy: 98.2%, Networks save to: best_model
Train | Epoch 9.1 | Loss: 4.98, Accuracy (%): 98.8, Silent labels (%): 0.0, Time (s): 4.74
Train | Epoch 9.2 | Loss: 4.84, Accuracy (%): 99.1, Silent labels (%): 0.0, Time (s): 9.54
Train | Epoch 9.3 | Loss: 5.11, Accuracy (%): 98.75, Silent labels (%): 0.0, Time (s): 14.38
Train | Epoch 9.4 | Loss: 4.8, Accuracy (%): 99.03, Silent labels (%): 0.0, Time (s): 19.17
Train | Epoch 9.5 | Loss: 4.85, Accuracy (%): 99.03, Silent labels (%): 0.0, Time (s): 23.92
Train | Epoch 9.6 | Loss: 4.96, Accuracy (%): 98.9, Silent labels (%): 0.0, Time (s): 28.67
Train | Epoch 9.7 | Loss: 4.85, Accuracy (%): 98.97, Silent labels (%): 0.0, Time (s): 33.39
Train | Epoch 9.8 | Loss: 5.01, Accuracy (%): 98.72, Silent labels (%): 0.0, Time (s): 38.11
Train | Epoch 9.9 | Loss: 5.21, Accuracy (%): 98.73, Silent labels (%): 0.0, Time (s): 42.99
Train | Epoch 10.0 | Loss: 4.98, Accuracy (%): 98.88, Silent labels (%): 0.0, Time (s): 47.74
Test | Epoch 10.0 | Loss: 5.92, Accuracy (%): 98.09, Learning rate: 0.003, Hidden layer 1 spike counts: 283.68, Output layer spike counts: 41.83, Hidden layer 1 silents (%): 1.62, Output layer silents (%): 0.0, Hidden layer 1 weights norm: 565.14, Output layer weights norm: 84.72, Time (s): 1.48
This network will be trained using DT = 0.0005
Numpy seed: 397793767, Cupy seed: 943569308
Loading datasets...
Creating network...
Training...
Train | Epoch 0.1 | Loss: 59.18, Accuracy (%): 64.93, Silent labels (%): 13.77, Time (s): 15.69
Train | Epoch 0.2 | Loss: 26.21, Accuracy (%): 88.82, Silent labels (%): 0.03, Time (s): 31.9
Train | Epoch 0.3 | Loss: 20.9, Accuracy (%): 91.15, Silent labels (%): 0.02, Time (s): 46.91
Train | Epoch 0.4 | Loss: 17.96, Accuracy (%): 93.08, Silent labels (%): 0.02, Time (s): 60.63
Train | Epoch 0.5 | Loss: 16.21, Accuracy (%): 93.68, Silent labels (%): 0.0, Time (s): 72.8
Train | Epoch 0.6 | Loss: 14.93, Accuracy (%): 94.42, Silent labels (%): 0.03, Time (s): 84.29
Train | Epoch 0.7 | Loss: 14.36, Accuracy (%): 94.35, Silent labels (%): 0.02, Time (s): 95.02
Train | Epoch 0.8 | Loss: 13.44, Accuracy (%): 94.93, Silent labels (%): 0.0, Time (s): 105.25
Train | Epoch 0.9 | Loss: 12.84, Accuracy (%): 95.03, Silent labels (%): 0.0, Time (s): 115.12
Train | Epoch 1.0 | Loss: 12.39, Accuracy (%): 95.7, Silent labels (%): 0.0, Time (s): 124.68
Test | Epoch 1.0 | Loss: 11.64, Accuracy (%): 95.8, Learning rate: 0.003, Hidden layer 1 spike counts: 633.88, Output layer spike counts: 41.08, Hidden layer 1 silents (%): 1.0, Output layer silents (%): 0.0, Hidden layer 1 weights norm: 469.73, Output layer weights norm: 58.66, Time (s): 2.29
Best accuracy: 95.8%, Networks save to: best_model
Train | Epoch 1.1 | Loss: 11.39, Accuracy (%): 96.25, Silent labels (%): 0.0, Time (s): 9.26
Train | Epoch 1.2 | Loss: 11.01, Accuracy (%): 96.18, Silent labels (%): 0.0, Time (s): 18.19
Train | Epoch 1.3 | Loss: 11.0, Accuracy (%): 96.1, Silent labels (%): 0.0, Time (s): 26.81
Train | Epoch 1.4 | Loss: 10.69, Accuracy (%): 96.2, Silent labels (%): 0.0, Time (s): 35.29
Train | Epoch 1.5 | Loss: 9.99, Accuracy (%): 96.92, Silent labels (%): 0.0, Time (s): 43.69
Train | Epoch 1.6 | Loss: 10.52, Accuracy (%): 95.87, Silent labels (%): 0.0, Time (s): 51.89
Train | Epoch 1.7 | Loss: 9.95, Accuracy (%): 96.55, Silent labels (%): 0.0, Time (s): 59.87
Train | Epoch 1.8 | Loss: 9.83, Accuracy (%): 96.6, Silent labels (%): 0.0, Time (s): 67.64
Train | Epoch 1.9 | Loss: 9.65, Accuracy (%): 96.52, Silent labels (%): 0.0, Time (s): 75.28
Train | Epoch 2.0 | Loss: 9.29, Accuracy (%): 96.92, Silent labels (%): 0.0, Time (s): 82.84
Test | Epoch 2.0 | Loss: 9.26, Accuracy (%): 96.8, Learning rate: 0.003, Hidden layer 1 spike counts: 503.76, Output layer spike counts: 41.01, Hidden layer 1 silents (%): 1.75, Output layer silents (%): 0.0, Hidden layer 1 weights norm: 479.99, Output layer weights norm: 62.54, Time (s): 2.22
Best accuracy: 96.8%, Networks save to: best_model
Train | Epoch 2.1 | Loss: 8.91, Accuracy (%): 97.25, Silent labels (%): 0.0, Time (s): 7.39
Train | Epoch 2.2 | Loss: 8.74, Accuracy (%): 97.15, Silent labels (%): 0.0, Time (s): 14.76
Train | Epoch 2.3 | Loss: 8.4, Accuracy (%): 97.2, Silent labels (%): 0.0, Time (s): 22.13
Train | Epoch 2.4 | Loss: 8.77, Accuracy (%): 97.02, Silent labels (%): 0.0, Time (s): 29.39
Train | Epoch 2.5 | Loss: 8.46, Accuracy (%): 97.53, Silent labels (%): 0.0, Time (s): 36.65
Train | Epoch 2.6 | Loss: 8.45, Accuracy (%): 97.15, Silent labels (%): 0.0, Time (s): 43.71
Train | Epoch 2.7 | Loss: 8.5, Accuracy (%): 97.23, Silent labels (%): 0.0, Time (s): 50.71
Train | Epoch 2.8 | Loss: 8.29, Accuracy (%): 97.22, Silent labels (%): 0.0, Time (s): 57.72
Train | Epoch 2.9 | Loss: 8.07, Accuracy (%): 97.65, Silent labels (%): 0.0, Time (s): 64.75
Train | Epoch 3.0 | Loss: 8.02, Accuracy (%): 97.53, Silent labels (%): 0.0, Time (s): 71.39
Test | Epoch 3.0 | Loss: 8.22, Accuracy (%): 97.19, Learning rate: 0.003, Hidden layer 1 spike counts: 442.47, Output layer spike counts: 41.11, Hidden layer 1 silents (%): 2.25, Output layer silents (%): 0.0, Hidden layer 1 weights norm: 490.05, Output layer weights norm: 65.63, Time (s): 2.21
Best accuracy: 97.19%, Networks save to: best_model
Train | Epoch 3.1 | Loss: 7.76, Accuracy (%): 97.65, Silent labels (%): 0.0, Time (s): 6.76
Train | Epoch 3.2 | Loss: 7.27, Accuracy (%): 97.95, Silent labels (%): 0.0, Time (s): 13.66
Train | Epoch 3.3 | Loss: 7.36, Accuracy (%): 97.93, Silent labels (%): 0.0, Time (s): 20.43
Train | Epoch 3.4 | Loss: 7.67, Accuracy (%): 97.43, Silent labels (%): 0.0, Time (s): 27.37
Train | Epoch 3.5 | Loss: 7.05, Accuracy (%): 98.03, Silent labels (%): 0.0, Time (s): 33.92
Train | Epoch 3.6 | Loss: 7.22, Accuracy (%): 97.83, Silent labels (%): 0.0, Time (s): 40.39
Train | Epoch 3.7 | Loss: 7.44, Accuracy (%): 97.7, Silent labels (%): 0.0, Time (s): 46.78
Train | Epoch 3.8 | Loss: 7.38, Accuracy (%): 97.58, Silent labels (%): 0.0, Time (s): 53.14
Train | Epoch 3.9 | Loss: 7.55, Accuracy (%): 97.55, Silent labels (%): 0.0, Time (s): 59.57
Train | Epoch 4.0 | Loss: 7.15, Accuracy (%): 97.98, Silent labels (%): 0.0, Time (s): 65.81
Test | Epoch 4.0 | Loss: 7.39, Accuracy (%): 97.64, Learning rate: 0.003, Hidden layer 1 spike counts: 408.83, Output layer spike counts: 41.28, Hidden layer 1 silents (%): 1.62, Output layer silents (%): 0.0, Hidden layer 1 weights norm: 500.54, Output layer weights norm: 68.59, Time (s): 2.09
Best accuracy: 97.64%, Networks save to: best_model
Train | Epoch 4.1 | Loss: 6.79, Accuracy (%): 98.25, Silent labels (%): 0.0, Time (s): 6.02
Train | Epoch 4.2 | Loss: 6.48, Accuracy (%): 98.4, Silent labels (%): 0.02, Time (s): 12.16
Train | Epoch 4.3 | Loss: 6.71, Accuracy (%): 98.07, Silent labels (%): 0.0, Time (s): 18.25
Train | Epoch 4.4 | Loss: 6.84, Accuracy (%): 97.82, Silent labels (%): 0.0, Time (s): 24.21
Train | Epoch 4.5 | Loss: 6.61, Accuracy (%): 98.12, Silent labels (%): 0.02, Time (s): 30.32
Train | Epoch 4.6 | Loss: 6.85, Accuracy (%): 97.87, Silent labels (%): 0.0, Time (s): 36.22
Train | Epoch 4.7 | Loss: 6.59, Accuracy (%): 98.02, Silent labels (%): 0.0, Time (s): 41.9
Train | Epoch 4.8 | Loss: 6.71, Accuracy (%): 98.03, Silent labels (%): 0.0, Time (s): 47.36
Train | Epoch 4.9 | Loss: 6.63, Accuracy (%): 98.08, Silent labels (%): 0.0, Time (s): 53.06
Train | Epoch 5.0 | Loss: 6.42, Accuracy (%): 97.98, Silent labels (%): 0.0, Time (s): 58.79
Test | Epoch 5.0 | Loss: 6.97, Accuracy (%): 97.8, Learning rate: 0.003, Hidden layer 1 spike counts: 374.42, Output layer spike counts: 41.45, Hidden layer 1 silents (%): 2.12, Output layer silents (%): 0.0, Hidden layer 1 weights norm: 511.18, Output layer weights norm: 71.29, Time (s): 1.47
Best accuracy: 97.8%, Networks save to: best_model
Train | Epoch 5.1 | Loss: 6.14, Accuracy (%): 98.33, Silent labels (%): 0.0, Time (s): 5.25
Train | Epoch 5.2 | Loss: 6.38, Accuracy (%): 98.22, Silent labels (%): 0.0, Time (s): 10.67
Train | Epoch 5.3 | Loss: 6.27, Accuracy (%): 98.25, Silent labels (%): 0.0, Time (s): 16.18
Train | Epoch 5.4 | Loss: 5.89, Accuracy (%): 98.4, Silent labels (%): 0.0, Time (s): 21.6
Train | Epoch 5.5 | Loss: 6.07, Accuracy (%): 98.2, Silent labels (%): 0.0, Time (s): 27.06
Train | Epoch 5.6 | Loss: 6.03, Accuracy (%): 98.3, Silent labels (%): 0.0, Time (s): 32.47
Train | Epoch 5.7 | Loss: 6.03, Accuracy (%): 98.45, Silent labels (%): 0.0, Time (s): 37.75
Train | Epoch 5.8 | Loss: 6.03, Accuracy (%): 98.42, Silent labels (%): 0.0, Time (s): 43.0
Train | Epoch 5.9 | Loss: 6.01, Accuracy (%): 98.35, Silent labels (%): 0.0, Time (s): 48.36
Train | Epoch 6.0 | Loss: 6.24, Accuracy (%): 98.2, Silent labels (%): 0.0, Time (s): 53.55
Test | Epoch 6.0 | Loss: 6.56, Accuracy (%): 97.91, Learning rate: 0.003, Hidden layer 1 spike counts: 358.32, Output layer spike counts: 41.68, Hidden layer 1 silents (%): 2.0, Output layer silents (%): 0.0, Hidden layer 1 weights norm: 522.11, Output layer weights norm: 73.89, Time (s): 1.51
Best accuracy: 97.91%, Networks save to: best_model
Train | Epoch 6.1 | Loss: 5.75, Accuracy (%): 98.63, Silent labels (%): 0.0, Time (s): 5.65
Train | Epoch 6.2 | Loss: 5.73, Accuracy (%): 98.43, Silent labels (%): 0.0, Time (s): 11.06
Train | Epoch 6.3 | Loss: 5.91, Accuracy (%): 98.3, Silent labels (%): 0.0, Time (s): 16.53
Train | Epoch 6.4 | Loss: 5.8, Accuracy (%): 98.32, Silent labels (%): 0.0, Time (s): 21.87
Train | Epoch 6.5 | Loss: 5.71, Accuracy (%): 98.37, Silent labels (%): 0.0, Time (s): 27.17
Train | Epoch 6.6 | Loss: 5.74, Accuracy (%): 98.52, Silent labels (%): 0.0, Time (s): 32.55
Train | Epoch 6.7 | Loss: 5.5, Accuracy (%): 98.53, Silent labels (%): 0.0, Time (s): 37.84
Train | Epoch 6.8 | Loss: 5.62, Accuracy (%): 98.45, Silent labels (%): 0.0, Time (s): 43.08
Train | Epoch 6.9 | Loss: 5.5, Accuracy (%): 98.57, Silent labels (%): 0.0, Time (s): 48.34
Train | Epoch 7.0 | Loss: 5.52, Accuracy (%): 98.6, Silent labels (%): 0.0, Time (s): 53.45
Test | Epoch 7.0 | Loss: 6.19, Accuracy (%): 97.99, Learning rate: 0.003, Hidden layer 1 spike counts: 339.39, Output layer spike counts: 41.68, Hidden layer 1 silents (%): 1.75, Output layer silents (%): 0.0, Hidden layer 1 weights norm: 533.1, Output layer weights norm: 76.13, Time (s): 1.61
Best accuracy: 97.99%, Networks save to: best_model
Train | Epoch 7.1 | Loss: 5.28, Accuracy (%): 98.77, Silent labels (%): 0.0, Time (s): 4.97
Train | Epoch 7.2 | Loss: 5.12, Accuracy (%): 98.77, Silent labels (%): 0.0, Time (s): 10.15
Train | Epoch 7.3 | Loss: 5.51, Accuracy (%): 98.48, Silent labels (%): 0.0, Time (s): 15.27
Train | Epoch 7.4 | Loss: 5.4, Accuracy (%): 98.45, Silent labels (%): 0.0, Time (s): 20.39
Train | Epoch 7.5 | Loss: 5.35, Accuracy (%): 98.63, Silent labels (%): 0.0, Time (s): 25.51
Train | Epoch 7.6 | Loss: 5.25, Accuracy (%): 98.6, Silent labels (%): 0.0, Time (s): 30.58
Train | Epoch 7.7 | Loss: 5.09, Accuracy (%): 98.82, Silent labels (%): 0.0, Time (s): 35.58
Train | Epoch 7.8 | Loss: 5.12, Accuracy (%): 98.65, Silent labels (%): 0.02, Time (s): 40.71
Train | Epoch 7.9 | Loss: 5.2, Accuracy (%): 98.62, Silent labels (%): 0.0, Time (s): 45.72
Train | Epoch 8.0 | Loss: 5.31, Accuracy (%): 98.58, Silent labels (%): 0.0, Time (s): 50.66
Test | Epoch 8.0 | Loss: 5.99, Accuracy (%): 98.03, Learning rate: 0.003, Hidden layer 1 spike counts: 312.19, Output layer spike counts: 41.47, Hidden layer 1 silents (%): 1.88, Output layer silents (%): 0.0, Hidden layer 1 weights norm: 544.14, Output layer weights norm: 77.88, Time (s): 1.69
Best accuracy: 98.03%, Networks save to: best_model
Train | Epoch 8.1 | Loss: 4.91, Accuracy (%): 98.97, Silent labels (%): 0.0, Time (s): 4.78
Train | Epoch 8.2 | Loss: 4.89, Accuracy (%): 98.97, Silent labels (%): 0.0, Time (s): 9.66
Train | Epoch 8.3 | Loss: 5.02, Accuracy (%): 98.73, Silent labels (%): 0.0, Time (s): 14.66
Train | Epoch 8.4 | Loss: 4.85, Accuracy (%): 98.88, Silent labels (%): 0.0, Time (s): 19.83
Train | Epoch 8.5 | Loss: 4.97, Accuracy (%): 98.78, Silent labels (%): 0.0, Time (s): 24.72
Train | Epoch 8.6 | Loss: 5.1, Accuracy (%): 98.63, Silent labels (%): 0.02, Time (s): 29.68
Train | Epoch 8.7 | Loss: 5.05, Accuracy (%): 98.75, Silent labels (%): 0.0, Time (s): 34.5
Train | Epoch 8.8 | Loss: 5.17, Accuracy (%): 98.75, Silent labels (%): 0.0, Time (s): 39.29
Train | Epoch 8.9 | Loss: 5.17, Accuracy (%): 98.62, Silent labels (%): 0.0, Time (s): 44.13
Train | Epoch 9.0 | Loss: 5.33, Accuracy (%): 98.65, Silent labels (%): 0.0, Time (s): 48.91
Test | Epoch 9.0 | Loss: 6.25, Accuracy (%): 98.16, Learning rate: 0.003, Hidden layer 1 spike counts: 290.18, Output layer spike counts: 40.34, Hidden layer 1 silents (%): 1.75, Output layer silents (%): 0.0, Hidden layer 1 weights norm: 556.35, Output layer weights norm: 79.84, Time (s): 1.56
Best accuracy: 98.16%, Networks save to: best_model
Train | Epoch 9.1 | Loss: 5.15, Accuracy (%): 98.87, Silent labels (%): 0.0, Time (s): 4.78
Train | Epoch 9.2 | Loss: 5.33, Accuracy (%): 98.98, Silent labels (%): 0.02, Time (s): 9.8
Train | Epoch 9.3 | Loss: 5.89, Accuracy (%): 98.73, Silent labels (%): 0.0, Time (s): 14.66
Train | Epoch 9.4 | Loss: 5.65, Accuracy (%): 98.97, Silent labels (%): 0.0, Time (s): 19.51
Train | Epoch 9.5 | Loss: 6.07, Accuracy (%): 98.92, Silent labels (%): 0.0, Time (s): 24.48
Train | Epoch 9.6 | Loss: 6.59, Accuracy (%): 98.88, Silent labels (%): 0.02, Time (s): 29.38
Train | Epoch 9.7 | Loss: 6.62, Accuracy (%): 99.07, Silent labels (%): 0.0, Time (s): 34.32
Train | Epoch 9.8 | Loss: 7.03, Accuracy (%): 98.73, Silent labels (%): 0.0, Time (s): 39.35
Train | Epoch 9.9 | Loss: 7.46, Accuracy (%): 98.58, Silent labels (%): 0.02, Time (s): 44.41
Train | Epoch 10.0 | Loss: 7.34, Accuracy (%): 98.83, Silent labels (%): 0.0, Time (s): 49.52
Test | Epoch 10.0 | Loss: 8.56, Accuracy (%): 98.13, Learning rate: 0.003, Hidden layer 1 spike counts: 367.18, Output layer spike counts: 39.02, Hidden layer 1 silents (%): 1.62, Output layer silents (%): 0.0, Hidden layer 1 weights norm: 570.05, Output layer weights norm: 82.69, Time (s): 1.65

Process finished with exit code 0
